<?xml version="1.0" encoding="UTF-8"?>
<testsuites name="Amazon_TestSuite_ValidateSearchFieldItem_002" time="71.066" tests="1" failures="0" errors="0">
   <testsuite name="Amazon_TestSuite_ValidateSearchFieldItem_002" tests="1" failures="0" errors="0" time="71.066" skipped="0" timestamp="2024-02-08 00:55:52" hostname="Admin - DESKTOP-QJ4UHOV" id="Test Suites/Amazon_TestSuite/Amazon_TestSuite_ValidateSearchFieldItem_002">
      <properties>
         <property name="deviceName" value=""/>
         <property name="devicePlatform" value=""/>
         <property name="logFolder" value="C:\\Users\\Admin\\Katalon Studio\\My First Web UI Project\\Reports\\20240208_005540\\Amazon_TestSuite\\Amazon_TestSuite_ValidateSearchFieldItem_002\\20240208_005540"/>
         <property name="logFiles" value="C:\\Users\\Admin\\Katalon Studio\\My First Web UI Project\\Reports\\20240208_005540\\Amazon_TestSuite\\Amazon_TestSuite_ValidateSearchFieldItem_002\\20240208_005540\\execution0.log"/>
         <property name="attachments" value=""/>
         <property name="hostName" value="Admin - DESKTOP-QJ4UHOV"/>
         <property name="os" value="Windows 10 64bit"/>
         <property name="katalonVersion" value="8.6.8.208"/>
         <property name="browser" value="Chrome 121.0.0.0"/>
         <property name="hostAddress" value="192.168.43.94"/>
         <property name="sessionId" value="4d8eab69c74e362b4a2a7b0c58416ee2"/>
         <property name="seleniumVersion" value="3.141.59"/>
         <property name="proxyInformation" value="ProxyInformation { proxyOption=NO_PROXY, proxyServerType=HTTP, username=, password=********, proxyServerAddress=, proxyServerPort=0, executionList=&quot;&quot;, isApplyToDesiredCapabilities=true }"/>
         <property name="platform" value="Windows 10"/>
      </properties>
      <testcase name="Test Cases/TC_Amazon_ValidateSearchFieldItem_002" time="67.556" classname="Test Cases/TC_Amazon_ValidateSearchFieldItem_002" status="PASSED">
         <system-out><![CDATA[2024-02-08 00:55:55 - [TEST_CASE][PASSED] - Test Cases/TC_Amazon_ValidateSearchFieldItem_002: Test Cases/TC_Amazon_ValidateSearchFieldItem_002

2024-02-08 00:55:56 - [TEST_STEP][PASSED] - Start listener action : sampleBeforeTestCase: Browser is opened with url: ''

2024-02-08 00:55:56 - [TEST_STEP][PASSED] - println(testCaseContext.getTestCaseId()): null

2024-02-08 00:55:56 - [TEST_STEP][PASSED] - println(testCaseContext.getTestCaseVariables()): null

2024-02-08 00:55:56 - [TEST_STEP][PASSED] - println(openBrowser("")): Browser is opened with url: ''

2024-02-08 00:55:56 - [MESSAGE][WARNING] - A browser is already opened. Closing browser and opening a new one

2024-02-08 00:55:57 - [MESSAGE][INFO] - Starting 'Chrome' driver

2024-02-08 00:55:57 - [MESSAGE][INFO] - User set preference: ['args', '[user-data-dir=C:\Users\Admin\AppData\Local\Google\Chrome\User Data\Profile 10, profile-directory=Profile 10]']

2024-02-08 00:55:57 - [MESSAGE][INFO] - Action delay is set to 0 milliseconds

2024-02-08 00:55:58 - [MESSAGE][PASSED] - Browser is opened with url: ''

2024-02-08 00:55:58 - [TEST_STEP][PASSED] - Start setup action : setupTestCase: Method 'setupTestCase' complete successfully

2024-02-08 00:55:59 - [TEST_STEP][PASSED] - openBrowser(""): Browser is opened with url: ''

2024-02-08 00:55:59 - [MESSAGE][WARNING] - A browser is already opened. Closing browser and opening a new one

2024-02-08 00:56:00 - [MESSAGE][INFO] - Starting 'Chrome' driver

2024-02-08 00:56:00 - [MESSAGE][INFO] - User set preference: ['args', '[user-data-dir=C:\Users\Admin\AppData\Local\Google\Chrome\User Data\Profile 10, profile-directory=Profile 10]']

2024-02-08 00:56:00 - [MESSAGE][INFO] - Action delay is set to 0 milliseconds

2024-02-08 00:56:02 - [MESSAGE][PASSED] - Browser is opened with url: ''

2024-02-08 00:56:02 - [MESSAGE][PASSED] - Method 'setupTestCase' complete successfully

2024-02-08 00:56:02 - [TEST_STEP][PASSED] - openBrowser(""): Browser is opened with url: ''

2024-02-08 00:56:02 - [MESSAGE][WARNING] - A browser is already opened. Closing browser and opening a new one

2024-02-08 00:56:03 - [MESSAGE][INFO] - Starting 'Chrome' driver

2024-02-08 00:56:03 - [MESSAGE][INFO] - User set preference: ['args', '[user-data-dir=C:\Users\Admin\AppData\Local\Google\Chrome\User Data\Profile 10, profile-directory=Profile 10]']

2024-02-08 00:56:03 - [MESSAGE][INFO] - Action delay is set to 0 milliseconds

2024-02-08 00:56:05 - [MESSAGE][PASSED] - Browser is opened with url: ''

2024-02-08 00:56:05 - [TEST_STEP][PASSED] - navigateToUrl("https://www.amazon.com/"): Navigate to 'https://www.amazon.com/' successfully

2024-02-08 00:56:08 - [MESSAGE][PASSED] - Navigate to 'https://www.amazon.com/' successfully

2024-02-08 00:56:08 - [TEST_STEP][PASSED] - selectOptionByLabel(findTestObject("AmazonPages/Amazon_ValidateSearchFieldItem_OR/select_All Departments"), Books, false): All options with label 'Books' are selected in object 'Object Repository/AmazonPages/Amazon_ValidateSearchFieldItem_OR/select_All Departments' 

2024-02-08 00:56:09 - [MESSAGE][PASSED] - All options with label 'Books' are selected in object 'Object Repository/AmazonPages/Amazon_ValidateSearchFieldItem_OR/select_All Departments' 

2024-02-08 00:56:09 - [TEST_STEP][PASSED] - click(findTestObject("AmazonPages/Amazon_ValidateSearchFieldItem_OR/input_Search Amazon_field-keywords")): Object: 'Object Repository/AmazonPages/Amazon_ValidateSearchFieldItem_OR/input_Search Amazon_field-keywords' is clicked on

2024-02-08 00:56:12 - [MESSAGE][PASSED] - Object: 'Object Repository/AmazonPages/Amazon_ValidateSearchFieldItem_OR/input_Search Amazon_field-keywords' is clicked on

2024-02-08 00:56:12 - [TEST_STEP][PASSED] - setText(findTestObject("AmazonPages/Amazon_ValidateSearchFieldItem_OR/input_Search Amazon_field-keywords"), "Da vin ci code"): Text 'Da vin ci code' is set on object 'Object Repository/AmazonPages/Amazon_ValidateSearchFieldItem_OR/input_Search Amazon_field-keywords'

2024-02-08 00:56:15 - [MESSAGE][PASSED] - Text 'Da vin ci code' is set on object 'Object Repository/AmazonPages/Amazon_ValidateSearchFieldItem_OR/input_Search Amazon_field-keywords'

2024-02-08 00:56:15 - [TEST_STEP][PASSED] - click(findTestObject("AmazonPages/Amazon_ValidateSearchFieldItem_OR/input_Search Amazon_nav-search-submit-button")): Object: 'Object Repository/AmazonPages/Amazon_ValidateSearchFieldItem_OR/input_Search Amazon_nav-search-submit-button' is clicked on

2024-02-08 00:56:21 - [MESSAGE][PASSED] - Object: 'Object Repository/AmazonPages/Amazon_ValidateSearchFieldItem_OR/input_Search Amazon_nav-search-submit-button' is clicked on

2024-02-08 00:56:21 - [TEST_STEP][PASSED] - selectOptionByLabel(findTestObject("AmazonPages/Amazon_ValidateSearchFieldItem_OR/select_All Departments"), Electronics, false): All options with label 'Electronics' are selected in object 'Object Repository/AmazonPages/Amazon_ValidateSearchFieldItem_OR/select_All Departments' 

2024-02-08 00:56:22 - [MESSAGE][PASSED] - All options with label 'Electronics' are selected in object 'Object Repository/AmazonPages/Amazon_ValidateSearchFieldItem_OR/select_All Departments' 

2024-02-08 00:56:22 - [TEST_STEP][PASSED] - click(findTestObject("AmazonPages/Amazon_ValidateSearchFieldItem_OR/input_Search Amazon_field-keywords"), STOP_ON_FAILURE): Object: 'Object Repository/AmazonPages/Amazon_ValidateSearchFieldItem_OR/input_Search Amazon_field-keywords' is clicked on

2024-02-08 00:56:24 - [MESSAGE][PASSED] - Object: 'Object Repository/AmazonPages/Amazon_ValidateSearchFieldItem_OR/input_Search Amazon_field-keywords' is clicked on

2024-02-08 00:56:24 - [TEST_STEP][PASSED] - setText(findTestObject("AmazonPages/Amazon_ValidateSearchFieldItem_OR/input_Search Amazon_field-keywords"), "Mobile Phones"): Text 'Mobile Phones' is set on object 'Object Repository/AmazonPages/Amazon_ValidateSearchFieldItem_OR/input_Search Amazon_field-keywords'

2024-02-08 00:56:25 - [MESSAGE][PASSED] - Text 'Mobile Phones' is set on object 'Object Repository/AmazonPages/Amazon_ValidateSearchFieldItem_OR/input_Search Amazon_field-keywords'

2024-02-08 00:56:25 - [TEST_STEP][PASSED] - click(findTestObject("AmazonPages/Amazon_ValidateSearchFieldItem_OR/input_Search Amazon_nav-search-submit-button")): Object: 'Object Repository/AmazonPages/Amazon_ValidateSearchFieldItem_OR/input_Search Amazon_nav-search-submit-button' is clicked on

2024-02-08 00:56:31 - [MESSAGE][PASSED] - Object: 'Object Repository/AmazonPages/Amazon_ValidateSearchFieldItem_OR/input_Search Amazon_nav-search-submit-button' is clicked on

2024-02-08 00:56:31 - [TEST_STEP][PASSED] - selectOptionByLabel(findTestObject("AmazonPages/Amazon_ValidateSearchFieldItem_OR/select_All Departments"), All_departments, false): All options with label 'All Departments' are selected in object 'Object Repository/AmazonPages/Amazon_ValidateSearchFieldItem_OR/select_All Departments' 

2024-02-08 00:56:35 - [MESSAGE][PASSED] - All options with label 'All Departments' are selected in object 'Object Repository/AmazonPages/Amazon_ValidateSearchFieldItem_OR/select_All Departments' 

2024-02-08 00:56:35 - [TEST_STEP][PASSED] - click(findTestObject("AmazonPages/Amazon_ValidateSearchFieldItem_OR/input_Search Amazon_field-keywords"), STOP_ON_FAILURE): Object: 'Object Repository/AmazonPages/Amazon_ValidateSearchFieldItem_OR/input_Search Amazon_field-keywords' is clicked on

2024-02-08 00:56:36 - [MESSAGE][PASSED] - Object: 'Object Repository/AmazonPages/Amazon_ValidateSearchFieldItem_OR/input_Search Amazon_field-keywords' is clicked on

2024-02-08 00:56:36 - [TEST_STEP][PASSED] - setText(findTestObject("AmazonPages/Amazon_ValidateSearchFieldItem_OR/input_Search Amazon_field-keywords"), "Washing Machines"): Text 'Washing Machines' is set on object 'Object Repository/AmazonPages/Amazon_ValidateSearchFieldItem_OR/input_Search Amazon_field-keywords'

2024-02-08 00:56:39 - [MESSAGE][PASSED] - Text 'Washing Machines' is set on object 'Object Repository/AmazonPages/Amazon_ValidateSearchFieldItem_OR/input_Search Amazon_field-keywords'

2024-02-08 00:56:39 - [TEST_STEP][PASSED] - click(findTestObject("AmazonPages/Amazon_ValidateSearchFieldItem_OR/input_Search Amazon_nav-search-submit-button")): Object: 'Object Repository/AmazonPages/Amazon_ValidateSearchFieldItem_OR/input_Search Amazon_nav-search-submit-button' is clicked on

2024-02-08 00:56:47 - [MESSAGE][PASSED] - Object: 'Object Repository/AmazonPages/Amazon_ValidateSearchFieldItem_OR/input_Search Amazon_nav-search-submit-button' is clicked on

2024-02-08 00:56:47 - [TEST_STEP][PASSED] - selectOptionByLabel(findTestObject("AmazonPages/Amazon_ValidateSearchFieldItem_OR/select_All Departments"), Furniture, false): All options with label 'Home & Kitchen' are selected in object 'Object Repository/AmazonPages/Amazon_ValidateSearchFieldItem_OR/select_All Departments' 

2024-02-08 00:56:49 - [MESSAGE][PASSED] - All options with label 'Home & Kitchen' are selected in object 'Object Repository/AmazonPages/Amazon_ValidateSearchFieldItem_OR/select_All Departments' 

2024-02-08 00:56:49 - [TEST_STEP][PASSED] - click(findTestObject("AmazonPages/Amazon_ValidateSearchFieldItem_OR/input_Search Amazon_field-keywords"), STOP_ON_FAILURE): Object: 'Object Repository/AmazonPages/Amazon_ValidateSearchFieldItem_OR/input_Search Amazon_field-keywords' is clicked on

2024-02-08 00:56:50 - [MESSAGE][PASSED] - Object: 'Object Repository/AmazonPages/Amazon_ValidateSearchFieldItem_OR/input_Search Amazon_field-keywords' is clicked on

2024-02-08 00:56:50 - [TEST_STEP][PASSED] - setText(findTestObject("AmazonPages/Amazon_ValidateSearchFieldItem_OR/input_Search Amazon_field-keywords"), "Wooden Tables"): Text 'Wooden Tables' is set on object 'Object Repository/AmazonPages/Amazon_ValidateSearchFieldItem_OR/input_Search Amazon_field-keywords'

2024-02-08 00:56:52 - [MESSAGE][PASSED] - Text 'Wooden Tables' is set on object 'Object Repository/AmazonPages/Amazon_ValidateSearchFieldItem_OR/input_Search Amazon_field-keywords'

2024-02-08 00:56:52 - [TEST_STEP][PASSED] - click(findTestObject("AmazonPages/Amazon_ValidateSearchFieldItem_OR/input_Search Amazon_nav-search-submit-button")): Object: 'Object Repository/AmazonPages/Amazon_ValidateSearchFieldItem_OR/input_Search Amazon_nav-search-submit-button' is clicked on

2024-02-08 00:57:02 - [MESSAGE][PASSED] - Object: 'Object Repository/AmazonPages/Amazon_ValidateSearchFieldItem_OR/input_Search Amazon_nav-search-submit-button' is clicked on

2024-02-08 00:57:02 - [TEST_STEP][PASSED] - closeBrowser(): Browser is closed

2024-02-08 00:57:03 - [MESSAGE][PASSED] - Browser is closed

2024-02-08 00:57:03 - [TEST_STEP][PASSED] - Start tear down : tearDownTestCase: Method 'tearDownTestCase' complete successfully

2024-02-08 00:57:03 - [TEST_STEP][PASSED] - closeBrowser(): Browser is closed

2024-02-08 00:57:03 - [MESSAGE][PASSED] - Browser is closed

2024-02-08 00:57:03 - [MESSAGE][PASSED] - Method 'tearDownTestCase' complete successfully

2024-02-08 00:57:03 - [TEST_STEP][PASSED] - Start listener action : sampleAfterTestCase: Browser is closed

2024-02-08 00:57:03 - [TEST_STEP][PASSED] - println(testCaseContext.getTestCaseId()): null

2024-02-08 00:57:03 - [TEST_STEP][PASSED] - println(testCaseContext.getTestCaseStatus()): null

2024-02-08 00:57:03 - [TEST_STEP][PASSED] - println(closeBrowser()): Browser is closed

2024-02-08 00:57:03 - [MESSAGE][PASSED] - Browser is closed]]></system-out>
         <system-err><![CDATA[]]></system-err>
      </testcase>
      <system-out><![CDATA[2024-02-08 00:55:52 - [TEST_SUITE][PASSED] - Amazon_TestSuite_ValidateSearchFieldItem_002: Test Cases/TC_Amazon_ValidateSearchFieldItem_002]]></system-out>
      <system-err><![CDATA[]]></system-err>
   </testsuite>
</testsuites>
