<?xml version="1.0" encoding="UTF-8"?>
<testsuites name="New Test Suite" time="4.623" tests="1" failures="0" errors="0">
   <testsuite name="New Test Suite" tests="1" failures="0" errors="0" time="4.623" skipped="0" timestamp="2024-01-31 19:02:05" hostname="Admin - DESKTOP-QJ4UHOV" id="Test Suites/New Test Suite">
      <properties>
         <property name="deviceName" value=""/>
         <property name="devicePlatform" value=""/>
         <property name="logFolder" value="C:\\Users\\Admin\\Katalon Studio\\My First Web UI Project\\Reports\\20240131_190201\\New Test Suite\\20240131_190201"/>
         <property name="logFiles" value="C:\\Users\\Admin\\Katalon Studio\\My First Web UI Project\\Reports\\20240131_190201\\New Test Suite\\20240131_190201\\execution0.log"/>
         <property name="attachments" value=""/>
         <property name="hostName" value="Admin - DESKTOP-QJ4UHOV"/>
         <property name="os" value="Windows 10 64bit"/>
         <property name="katalonVersion" value="8.6.8.208"/>
         <property name="browser" value="Chrome 121.0.0.0"/>
         <property name="hostAddress" value="192.168.171.37"/>
         <property name="sessionId" value="12a3b8bcfccba3582b5b234820c17907"/>
         <property name="seleniumVersion" value="3.141.59"/>
         <property name="proxyInformation" value="ProxyInformation { proxyOption=NO_PROXY, proxyServerType=HTTP, username=, password=********, proxyServerAddress=, proxyServerPort=0, executionList=&quot;&quot;, isApplyToDesiredCapabilities=true }"/>
         <property name="platform" value="Windows 10"/>
      </properties>
      <testcase name="Test Cases/New Test Case" time="4.269" classname="Test Cases/New Test Case" status="PASSED">
         <system-out><![CDATA[2024-01-31 19:02:05 - [TEST_CASE][PASSED] - Test Cases/New Test Case: Test Cases/New Test Case

2024-01-31 19:02:05 - [TEST_STEP][PASSED] - openBrowser(""): Browser is opened with url: ''

2024-01-31 19:02:06 - [MESSAGE][INFO] - Starting 'Chrome' driver

2024-01-31 19:02:06 - [MESSAGE][INFO] - Action delay is set to 0 milliseconds

2024-01-31 19:02:08 - [MESSAGE][PASSED] - Browser is opened with url: ''

2024-01-31 19:02:08 - [TEST_STEP][PASSED] - closeBrowser(): Browser is closed

2024-01-31 19:02:09 - [MESSAGE][PASSED] - Browser is closed]]></system-out>
         <system-err><![CDATA[]]></system-err>
      </testcase>
      <system-out><![CDATA[2024-01-31 19:02:05 - [TEST_SUITE][PASSED] - New Test Suite: Test Cases/New Test Case]]></system-out>
      <system-err><![CDATA[]]></system-err>
   </testsuite>
</testsuites>
