<?xml version="1.0" encoding="UTF-8"?>
<testsuites name="New Test Suite" time="15.922" tests="1" failures="0" errors="0">
   <testsuite name="New Test Suite" tests="1" failures="0" errors="0" time="15.922" skipped="0" timestamp="2024-02-07 23:28:29" hostname="Admin - DESKTOP-QJ4UHOV" id="Test Suites/New Test Suite">
      <properties>
         <property name="deviceName" value=""/>
         <property name="devicePlatform" value=""/>
         <property name="logFolder" value="C:\\Users\\Admin\\Katalon Studio\\My First Web UI Project\\Reports\\20240207_232820\\New Test Suite\\20240207_232820"/>
         <property name="logFiles" value="C:\\Users\\Admin\\Katalon Studio\\My First Web UI Project\\Reports\\20240207_232820\\New Test Suite\\20240207_232820\\execution0.log"/>
         <property name="attachments" value=""/>
         <property name="hostName" value="Admin - DESKTOP-QJ4UHOV"/>
         <property name="os" value="Windows 10 64bit"/>
         <property name="katalonVersion" value="8.6.8.208"/>
         <property name="browser" value="Chrome 121.0.0.0"/>
         <property name="hostAddress" value="192.168.43.94"/>
         <property name="sessionId" value="abd3e09ec232ca4f294dd04ac5800d86"/>
         <property name="seleniumVersion" value="3.141.59"/>
         <property name="proxyInformation" value="ProxyInformation { proxyOption=NO_PROXY, proxyServerType=HTTP, username=, password=********, proxyServerAddress=, proxyServerPort=0, executionList=&quot;&quot;, isApplyToDesiredCapabilities=true }"/>
         <property name="platform" value="Windows 10"/>
      </properties>
      <testcase name="Test Cases/login" time="15.69" classname="Test Cases/login" status="PASSED">
         <system-out><![CDATA[2024-02-07 23:28:29 - [TEST_CASE][PASSED] - Test Cases/login: Test Cases/login

2024-02-07 23:28:29 - [TEST_STEP][PASSED] - openBrowser(""): Browser is opened with url: ''

2024-02-07 23:28:30 - [MESSAGE][INFO] - Starting 'Chrome' driver

2024-02-07 23:28:30 - [MESSAGE][INFO] - User set preference: ['args', '[user-data-dir=C:\Users\Admin\AppData\Local\Google\Chrome\User Data\Profile 10, profile-directory=Profile 10]']

2024-02-07 23:28:30 - [MESSAGE][INFO] - Action delay is set to 0 milliseconds

2024-02-07 23:28:32 - [MESSAGE][PASSED] - Browser is opened with url: ''

2024-02-07 23:28:32 - [TEST_STEP][PASSED] - navigateToUrl("https://www.amazon.com/"): Navigate to 'https://www.amazon.com/' successfully

2024-02-07 23:28:34 - [MESSAGE][PASSED] - Navigate to 'https://www.amazon.com/' successfully

2024-02-07 23:28:34 - [TEST_STEP][PASSED] - click(findTestObject("Page_Amazon.com. Spend less. Smile more/span_Sign in")): Object: 'Object Repository/Page_Amazon.com. Spend less. Smile more/span_Sign in' is clicked on

2024-02-07 23:28:38 - [MESSAGE][PASSED] - Object: 'Object Repository/Page_Amazon.com. Spend less. Smile more/span_Sign in' is clicked on

2024-02-07 23:28:38 - [TEST_STEP][PASSED] - setText(findTestObject("Page_Amazon Sign-In/input_Email or mobile phone number_email"), "9500570674"): Text '9500570674' is set on object 'Object Repository/Page_Amazon Sign-In/input_Email or mobile phone number_email'

2024-02-07 23:28:40 - [MESSAGE][PASSED] - Text '9500570674' is set on object 'Object Repository/Page_Amazon Sign-In/input_Email or mobile phone number_email'

2024-02-07 23:28:40 - [TEST_STEP][PASSED] - click(findTestObject("Page_Amazon Sign-In/input_Enter your email or mobile phone number_continue")): Object: 'Object Repository/Page_Amazon Sign-In/input_Enter your email or mobile phone number_continue' is clicked on

2024-02-07 23:28:42 - [MESSAGE][PASSED] - Object: 'Object Repository/Page_Amazon Sign-In/input_Enter your email or mobile phone number_continue' is clicked on

2024-02-07 23:28:42 - [TEST_STEP][PASSED] - setEncryptedText(findTestObject("Page_Amazon Sign-In/input_Forgot your password_password"), "MjXmt/ZdOsUxI2HQzRYs1A=="): Text ****** has been set on object 'Object Repository/Page_Amazon Sign-In/input_Forgot your password_password'

2024-02-07 23:28:43 - [MESSAGE][PASSED] - Text ****** has been set on object 'Object Repository/Page_Amazon Sign-In/input_Forgot your password_password'

2024-02-07 23:28:43 - [TEST_STEP][PASSED] - click(findTestObject("Page_Amazon Sign-In/input_Enter your password_signInSubmit")): Object: 'Object Repository/Page_Amazon Sign-In/input_Enter your password_signInSubmit' is clicked on

2024-02-07 23:28:44 - [MESSAGE][PASSED] - Object: 'Object Repository/Page_Amazon Sign-In/input_Enter your password_signInSubmit' is clicked on

2024-02-07 23:28:44 - [TEST_STEP][PASSED] - closeBrowser(): Browser is closed

2024-02-07 23:28:45 - [MESSAGE][PASSED] - Browser is closed]]></system-out>
         <system-err><![CDATA[]]></system-err>
      </testcase>
      <system-out><![CDATA[2024-02-07 23:28:29 - [TEST_SUITE][PASSED] - New Test Suite: Test Cases/login]]></system-out>
      <system-err><![CDATA[]]></system-err>
   </testsuite>
</testsuites>
