<?xml version="1.0" encoding="UTF-8"?>
<testsuites name="New Test Suite" time="99.706" tests="2" failures="0" errors="0">
   <testsuite name="New Test Suite" tests="2" failures="0" errors="0" time="99.706" skipped="0" timestamp="2024-02-07 23:30:16" hostname="Admin - DESKTOP-QJ4UHOV" id="Test Suites/New Test Suite">
      <properties>
         <property name="deviceName" value=""/>
         <property name="devicePlatform" value=""/>
         <property name="logFolder" value="C:\\Users\\Admin\\Katalon Studio\\My First Web UI Project\\Reports\\20240207_233006\\New Test Suite\\20240207_233006"/>
         <property name="logFiles" value="C:\\Users\\Admin\\Katalon Studio\\My First Web UI Project\\Reports\\20240207_233006\\New Test Suite\\20240207_233006\\execution0.log"/>
         <property name="attachments" value=""/>
         <property name="hostName" value="Admin - DESKTOP-QJ4UHOV"/>
         <property name="os" value="Windows 10 64bit"/>
         <property name="katalonVersion" value="8.6.8.208"/>
         <property name="browser" value="Chrome 121.0.0.0"/>
         <property name="hostAddress" value="192.168.43.94"/>
         <property name="sessionId" value="842fd928de5f8434be6d333e9dd7efa9"/>
         <property name="seleniumVersion" value="3.141.59"/>
         <property name="proxyInformation" value="ProxyInformation { proxyOption=NO_PROXY, proxyServerType=HTTP, username=, password=********, proxyServerAddress=, proxyServerPort=0, executionList=&quot;&quot;, isApplyToDesiredCapabilities=true }"/>
         <property name="platform" value="Windows 10"/>
      </properties>
      <testcase name="Test Cases/login" time="23.575" classname="Test Cases/login" status="PASSED">
         <system-out><![CDATA[2024-02-07 23:30:17 - [TEST_CASE][PASSED] - Test Cases/login: Test Cases/login

2024-02-07 23:30:17 - [TEST_STEP][PASSED] - openBrowser(""): Browser is opened with url: ''

2024-02-07 23:30:17 - [MESSAGE][INFO] - Starting 'Chrome' driver

2024-02-07 23:30:17 - [MESSAGE][INFO] - User set preference: ['args', '[user-data-dir=C:\Users\Admin\AppData\Local\Google\Chrome\User Data\Profile 10, profile-directory=Profile 10]']

2024-02-07 23:30:17 - [MESSAGE][INFO] - Action delay is set to 0 milliseconds

2024-02-07 23:30:20 - [MESSAGE][PASSED] - Browser is opened with url: ''

2024-02-07 23:30:20 - [TEST_STEP][PASSED] - navigateToUrl("https://www.amazon.com/"): Navigate to 'https://www.amazon.com/' successfully

2024-02-07 23:30:21 - [MESSAGE][PASSED] - Navigate to 'https://www.amazon.com/' successfully

2024-02-07 23:30:21 - [TEST_STEP][PASSED] - click(findTestObject("Page_Amazon.com. Spend less. Smile more/span_Sign in")): Object: 'Object Repository/Page_Amazon.com. Spend less. Smile more/span_Sign in' is clicked on

2024-02-07 23:30:23 - [MESSAGE][PASSED] - Object: 'Object Repository/Page_Amazon.com. Spend less. Smile more/span_Sign in' is clicked on

2024-02-07 23:30:23 - [TEST_STEP][PASSED] - setText(findTestObject("Page_Amazon Sign-In/input_Email or mobile phone number_email"), "9500570674"): Text '9500570674' is set on object 'Object Repository/Page_Amazon Sign-In/input_Email or mobile phone number_email'

2024-02-07 23:30:36 - [MESSAGE][PASSED] - Text '9500570674' is set on object 'Object Repository/Page_Amazon Sign-In/input_Email or mobile phone number_email'

2024-02-07 23:30:36 - [TEST_STEP][PASSED] - click(findTestObject("Page_Amazon Sign-In/input_Enter your email or mobile phone number_continue")): Object: 'Object Repository/Page_Amazon Sign-In/input_Enter your email or mobile phone number_continue' is clicked on

2024-02-07 23:30:38 - [MESSAGE][PASSED] - Object: 'Object Repository/Page_Amazon Sign-In/input_Enter your email or mobile phone number_continue' is clicked on

2024-02-07 23:30:38 - [TEST_STEP][PASSED] - setEncryptedText(findTestObject("Page_Amazon Sign-In/input_Forgot your password_password"), "MjXmt/ZdOsUxI2HQzRYs1A=="): Text ****** has been set on object 'Object Repository/Page_Amazon Sign-In/input_Forgot your password_password'

2024-02-07 23:30:39 - [MESSAGE][PASSED] - Text ****** has been set on object 'Object Repository/Page_Amazon Sign-In/input_Forgot your password_password'

2024-02-07 23:30:39 - [TEST_STEP][PASSED] - click(findTestObject("Page_Amazon Sign-In/input_Enter your password_signInSubmit")): Object: 'Object Repository/Page_Amazon Sign-In/input_Enter your password_signInSubmit' is clicked on

2024-02-07 23:30:39 - [MESSAGE][PASSED] - Object: 'Object Repository/Page_Amazon Sign-In/input_Enter your password_signInSubmit' is clicked on

2024-02-07 23:30:39 - [TEST_STEP][PASSED] - closeBrowser(): Browser is closed

2024-02-07 23:30:40 - [MESSAGE][PASSED] - Browser is closed]]></system-out>
         <system-err><![CDATA[]]></system-err>
      </testcase>
      <testcase name="Test Cases/New Test Case" time="75.888" classname="Test Cases/New Test Case" status="PASSED">
         <system-out><![CDATA[2024-02-07 23:30:40 - [TEST_CASE][PASSED] - Test Cases/New Test Case: Test Cases/New Test Case

2024-02-07 23:30:41 - [TEST_STEP][PASSED] - openBrowser(""): Browser is opened with url: ''

2024-02-07 23:30:41 - [MESSAGE][INFO] - Starting 'Chrome' driver

2024-02-07 23:30:41 - [MESSAGE][INFO] - User set preference: ['args', '[user-data-dir=C:\Users\Admin\AppData\Local\Google\Chrome\User Data\Profile 10, profile-directory=Profile 10]']

2024-02-07 23:30:41 - [MESSAGE][INFO] - Action delay is set to 0 milliseconds

2024-02-07 23:30:42 - [MESSAGE][PASSED] - Browser is opened with url: ''

2024-02-07 23:30:42 - [TEST_STEP][PASSED] - navigateToUrl("https://www.amazon.com/"): Navigate to 'https://www.amazon.com/' successfully

2024-02-07 23:30:45 - [MESSAGE][PASSED] - Navigate to 'https://www.amazon.com/' successfully

2024-02-07 23:30:45 - [TEST_STEP][PASSED] - selectOptionByLabel(findTestObject("Page_Amazon.com. Spend less. Smile more/Page_Amazon.com. Spend less. Smile more/select_All Departments"), Books, false): All options with label 'Books' are selected in object 'Object Repository/Page_Amazon.com. Spend less. Smile more/Page_Amazon.com. Spend less. Smile more/select_All Departments' 

2024-02-07 23:30:47 - [MESSAGE][PASSED] - All options with label 'Books' are selected in object 'Object Repository/Page_Amazon.com. Spend less. Smile more/Page_Amazon.com. Spend less. Smile more/select_All Departments' 

2024-02-07 23:30:47 - [TEST_STEP][PASSED] - setText(findTestObject("Page_Amazon.com. Spend less. Smile more/input_Search Amazon_field-keywords"), "Washing machine"): Text 'Washing machine' is set on object 'Object Repository/Page_Amazon.com. Spend less. Smile more/input_Search Amazon_field-keywords'

2024-02-07 23:30:49 - [MESSAGE][PASSED] - Text 'Washing machine' is set on object 'Object Repository/Page_Amazon.com. Spend less. Smile more/input_Search Amazon_field-keywords'

2024-02-07 23:30:49 - [TEST_STEP][PASSED] - click(findTestObject("Page_Amazon.com. Spend less. Smile more/input_Search Amazon_nav-search-submit-button")): Object: 'Object Repository/Page_Amazon.com. Spend less. Smile more/input_Search Amazon_nav-search-submit-button' is clicked on

2024-02-07 23:30:59 - [MESSAGE][PASSED] - Object: 'Object Repository/Page_Amazon.com. Spend less. Smile more/input_Search Amazon_nav-search-submit-button' is clicked on

2024-02-07 23:30:59 - [TEST_STEP][PASSED] - click(findTestObject("Page_Amazon.com. Spend less. Smile more/input_Search Amazon_field-keywords"), STOP_ON_FAILURE): Object: 'Object Repository/Page_Amazon.com. Spend less. Smile more/input_Search Amazon_field-keywords' is clicked on

2024-02-07 23:31:00 - [MESSAGE][PASSED] - Object: 'Object Repository/Page_Amazon.com. Spend less. Smile more/input_Search Amazon_field-keywords' is clicked on

2024-02-07 23:31:00 - [TEST_STEP][PASSED] - setText(findTestObject("Page_Amazon.com. Spend less. Smile more/input_Search Amazon_field-keywords"), "Da vin ci code"): Text 'Da vin ci code' is set on object 'Object Repository/Page_Amazon.com. Spend less. Smile more/input_Search Amazon_field-keywords'

2024-02-07 23:31:01 - [MESSAGE][PASSED] - Text 'Da vin ci code' is set on object 'Object Repository/Page_Amazon.com. Spend less. Smile more/input_Search Amazon_field-keywords'

2024-02-07 23:31:01 - [TEST_STEP][PASSED] - click(findTestObject("Page_Amazon.com. Spend less. Smile more/input_Search Amazon_nav-search-submit-button")): Object: 'Object Repository/Page_Amazon.com. Spend less. Smile more/input_Search Amazon_nav-search-submit-button' is clicked on

2024-02-07 23:31:06 - [MESSAGE][PASSED] - Object: 'Object Repository/Page_Amazon.com. Spend less. Smile more/input_Search Amazon_nav-search-submit-button' is clicked on

2024-02-07 23:31:06 - [TEST_STEP][PASSED] - selectOptionByLabel(findTestObject("Page_Amazon.com. Spend less. Smile more/Page_Amazon.com. Spend less. Smile more/select_All Departments"), Electronics, false): All options with label 'Electronics' are selected in object 'Object Repository/Page_Amazon.com. Spend less. Smile more/Page_Amazon.com. Spend less. Smile more/select_All Departments' 

2024-02-07 23:31:11 - [MESSAGE][PASSED] - All options with label 'Electronics' are selected in object 'Object Repository/Page_Amazon.com. Spend less. Smile more/Page_Amazon.com. Spend less. Smile more/select_All Departments' 

2024-02-07 23:31:11 - [TEST_STEP][PASSED] - click(findTestObject("Page_Amazon.com. Spend less. Smile more/input_Search Amazon_field-keywords"), STOP_ON_FAILURE): Object: 'Object Repository/Page_Amazon.com. Spend less. Smile more/input_Search Amazon_field-keywords' is clicked on

2024-02-07 23:31:15 - [MESSAGE][PASSED] - Object: 'Object Repository/Page_Amazon.com. Spend less. Smile more/input_Search Amazon_field-keywords' is clicked on

2024-02-07 23:31:15 - [TEST_STEP][PASSED] - setText(findTestObject("Page_Amazon.com. Spend less. Smile more/input_Search Amazon_field-keywords"), "Mobile Phones"): Text 'Mobile Phones' is set on object 'Object Repository/Page_Amazon.com. Spend less. Smile more/input_Search Amazon_field-keywords'

2024-02-07 23:31:20 - [MESSAGE][PASSED] - Text 'Mobile Phones' is set on object 'Object Repository/Page_Amazon.com. Spend less. Smile more/input_Search Amazon_field-keywords'

2024-02-07 23:31:20 - [TEST_STEP][PASSED] - click(findTestObject("Page_Amazon.com. Spend less. Smile more/input_Search Amazon_nav-search-submit-button")): Object: 'Object Repository/Page_Amazon.com. Spend less. Smile more/input_Search Amazon_nav-search-submit-button' is clicked on

2024-02-07 23:31:27 - [MESSAGE][PASSED] - Object: 'Object Repository/Page_Amazon.com. Spend less. Smile more/input_Search Amazon_nav-search-submit-button' is clicked on

2024-02-07 23:31:27 - [TEST_STEP][PASSED] - selectOptionByLabel(findTestObject("Page_Amazon.com. Spend less. Smile more/Page_Amazon.com. Spend less. Smile more/select_All Departments"), All_departments, false): All options with label 'All Departments' are selected in object 'Object Repository/Page_Amazon.com. Spend less. Smile more/Page_Amazon.com. Spend less. Smile more/select_All Departments' 

2024-02-07 23:31:28 - [MESSAGE][PASSED] - All options with label 'All Departments' are selected in object 'Object Repository/Page_Amazon.com. Spend less. Smile more/Page_Amazon.com. Spend less. Smile more/select_All Departments' 

2024-02-07 23:31:28 - [TEST_STEP][PASSED] - click(findTestObject("Page_Amazon.com. Spend less. Smile more/input_Search Amazon_field-keywords"), STOP_ON_FAILURE): Object: 'Object Repository/Page_Amazon.com. Spend less. Smile more/input_Search Amazon_field-keywords' is clicked on

2024-02-07 23:31:29 - [MESSAGE][PASSED] - Object: 'Object Repository/Page_Amazon.com. Spend less. Smile more/input_Search Amazon_field-keywords' is clicked on

2024-02-07 23:31:29 - [TEST_STEP][PASSED] - setText(findTestObject("Page_Amazon.com. Spend less. Smile more/input_Search Amazon_field-keywords"), "Washing Machines"): Text 'Washing Machines' is set on object 'Object Repository/Page_Amazon.com. Spend less. Smile more/input_Search Amazon_field-keywords'

2024-02-07 23:31:31 - [MESSAGE][PASSED] - Text 'Washing Machines' is set on object 'Object Repository/Page_Amazon.com. Spend less. Smile more/input_Search Amazon_field-keywords'

2024-02-07 23:31:31 - [TEST_STEP][PASSED] - click(findTestObject("Page_Amazon.com. Spend less. Smile more/input_Search Amazon_nav-search-submit-button")): Object: 'Object Repository/Page_Amazon.com. Spend less. Smile more/input_Search Amazon_nav-search-submit-button' is clicked on

2024-02-07 23:31:36 - [MESSAGE][PASSED] - Object: 'Object Repository/Page_Amazon.com. Spend less. Smile more/input_Search Amazon_nav-search-submit-button' is clicked on

2024-02-07 23:31:36 - [TEST_STEP][PASSED] - selectOptionByLabel(findTestObject("Page_Amazon.com. Spend less. Smile more/Page_Amazon.com. Spend less. Smile more/select_All Departments"), Furniture, false): All options with label 'Home & Kitchen' are selected in object 'Object Repository/Page_Amazon.com. Spend less. Smile more/Page_Amazon.com. Spend less. Smile more/select_All Departments' 

2024-02-07 23:31:49 - [MESSAGE][PASSED] - All options with label 'Home & Kitchen' are selected in object 'Object Repository/Page_Amazon.com. Spend less. Smile more/Page_Amazon.com. Spend less. Smile more/select_All Departments' 

2024-02-07 23:31:49 - [TEST_STEP][PASSED] - click(findTestObject("Page_Amazon.com. Spend less. Smile more/input_Search Amazon_field-keywords"), STOP_ON_FAILURE): Object: 'Object Repository/Page_Amazon.com. Spend less. Smile more/input_Search Amazon_field-keywords' is clicked on

2024-02-07 23:31:49 - [MESSAGE][PASSED] - Object: 'Object Repository/Page_Amazon.com. Spend less. Smile more/input_Search Amazon_field-keywords' is clicked on

2024-02-07 23:31:49 - [TEST_STEP][PASSED] - setText(findTestObject("Page_Amazon.com. Spend less. Smile more/input_Search Amazon_field-keywords"), "Wooden Tables"): Text 'Wooden Tables' is set on object 'Object Repository/Page_Amazon.com. Spend less. Smile more/input_Search Amazon_field-keywords'

2024-02-07 23:31:50 - [MESSAGE][PASSED] - Text 'Wooden Tables' is set on object 'Object Repository/Page_Amazon.com. Spend less. Smile more/input_Search Amazon_field-keywords'

2024-02-07 23:31:50 - [TEST_STEP][PASSED] - click(findTestObject("Page_Amazon.com. Spend less. Smile more/input_Search Amazon_nav-search-submit-button")): Object: 'Object Repository/Page_Amazon.com. Spend less. Smile more/input_Search Amazon_nav-search-submit-button' is clicked on

2024-02-07 23:31:55 - [MESSAGE][PASSED] - Object: 'Object Repository/Page_Amazon.com. Spend less. Smile more/input_Search Amazon_nav-search-submit-button' is clicked on

2024-02-07 23:31:55 - [TEST_STEP][PASSED] - closeBrowser(): Browser is closed

2024-02-07 23:31:56 - [MESSAGE][PASSED] - Browser is closed]]></system-out>
         <system-err><![CDATA[]]></system-err>
      </testcase>
      <system-out><![CDATA[2024-02-07 23:30:16 - [TEST_SUITE][PASSED] - New Test Suite: Test Cases/New Test Case]]></system-out>
      <system-err><![CDATA[]]></system-err>
   </testsuite>
</testsuites>
